#
# There is insufficient memory for the Java Runtime Environment to continue.
# Native memory allocation (malloc) failed to allocate 32744 bytes for ChunkPool::allocate
# Possible reasons:
#   The system is out of physical RAM or swap space
#   The process is running with CompressedOops enabled, and the Java Heap may be blocking the growth of the native heap
# Possible solutions:
#   Reduce memory load on the system
#   Increase physical memory or swap space
#   Check if swap backing store is full
#   Decrease Java heap size (-Xmx/-Xms)
#   Decrease number of Java threads
#   Decrease Java thread stack sizes (-Xss)
#   Set larger code cache with -XX:ReservedCodeCacheSize=
#   JVM is running with Unscaled Compressed Oops mode in which the Java heap is
#     placed in the first 4GB address space. The Java Heap base address is the
#     maximum limit for the native heap growth. Please use -XX:HeapBaseMinAddress
#     to set the Java Heap base and to place the Java Heap above 4GB virtual address.
# This output file may be truncated or incomplete.
#
#  Out of Memory Error (allocation.cpp:272), pid=13808, tid=0x000000000000386c
#
# JRE version: OpenJDK Runtime Environment (8.0_202-b03) (build 1.8.0_202-release-1483-b03)
# Java VM: OpenJDK 64-Bit Server VM (25.202-b03 mixed mode windows-amd64 compressed oops)
# Failed to write core dump. Minidumps are not enabled by default on client versions of Windows
#

---------------  T H R E A D  ---------------

Current thread (0x0000000018a8e800):  JavaThread "C2 CompilerThread1" daemon [_thread_in_native, id=14444, stack(0x0000000019490000,0x0000000019590000)]

Stack: [0x0000000019490000,0x0000000019590000]
[error occurred during error reporting (printing stack bounds), id 0xc0000005]

Native frames: (J=compiled Java code, j=interpreted, Vv=VM code, C=native code)


Current CompileTask:
C2:9648625 31203 %     4       com.android.tools.r8.t.a.a.f::a @ 2750 (4166 bytes)


---------------  P R O C E S S  ---------------

Java Threads: ( => current thread )
  0x000000001a43b000 JavaThread "ForkJoinPool.commonPool-worker-2" daemon [_thread_blocked, id=14072, stack(0x000000002cfe0000,0x000000002d0e0000)]
  0x000000001a441800 JavaThread "ForkJoinPool.commonPool-worker-1" daemon [_thread_blocked, id=3980, stack(0x000000002cee0000,0x000000002cfe0000)]
  0x000000001a43b800 JavaThread "ForkJoinPool.commonPool-worker-0" daemon [_thread_blocked, id=11976, stack(0x000000002cde0000,0x000000002cee0000)]
  0x000000001a43a000 JavaThread "ForkJoinPool.commonPool-worker-7" daemon [_thread_blocked, id=10224, stack(0x000000002cce0000,0x000000002cde0000)]
  0x000000001a440000 JavaThread "ForkJoinPool.commonPool-worker-6" daemon [_thread_blocked, id=12972, stack(0x000000002cbe0000,0x000000002cce0000)]
  0x000000001a43e800 JavaThread "ForkJoinPool.commonPool-worker-5" daemon [_thread_blocked, id=1764, stack(0x00000000294f0000,0x00000000295f0000)]
  0x000000001a43d000 JavaThread "ForkJoinPool.commonPool-worker-4" daemon [_thread_blocked, id=376, stack(0x00000000290f0000,0x00000000291f0000)]
  0x000000001a441000 JavaThread "WorkerExecutor Queue Thread 9" [_thread_blocked, id=9164, stack(0x000000002b910000,0x000000002ba10000)]
  0x000000001a43e000 JavaThread "WorkerExecutor Queue Thread 7" [_thread_in_native, id=11884, stack(0x000000002a500000,0x000000002a600000)]
  0x000000001b2b5000 JavaThread "WorkerExecutor Queue Thread 6" [_thread_blocked, id=14900, stack(0x000000002a400000,0x000000002a500000)]
  0x000000001ab8d000 JavaThread "WorkerExecutor Queue Thread 5" [_thread_blocked, id=13672, stack(0x000000002a200000,0x000000002a300000)]
  0x000000001ab82800 JavaThread "WorkerExecutor Queue Thread 4" [_thread_blocked, id=5124, stack(0x000000002a100000,0x000000002a200000)]
  0x000000001ab81000 JavaThread "WorkerExecutor Queue Thread 3" [_thread_blocked, id=13964, stack(0x0000000029800000,0x0000000029900000)]
  0x000000001ab83800 JavaThread "RMI TCP Connection(168)-127.0.0.1" daemon [_thread_in_native, id=7232, stack(0x00000000295f0000,0x00000000296f0000)]
  0x000000001ab85000 JavaThread "RMI TCP Connection(169)-127.0.0.1" daemon [_thread_in_native, id=2304, stack(0x00000000293f0000,0x00000000294f0000)]
  0x000000001e429800 JavaThread "stdout" [_thread_in_native, id=7664, stack(0x00000000284f0000,0x00000000285f0000)]
  0x000000001e42c000 JavaThread "stderr" [_thread_in_native, id=3248, stack(0x00000000283f0000,0x00000000284f0000)]
  0x000000001e42b000 JavaThread "pool-161-thread-1" [_thread_blocked, id=912, stack(0x00000000282f0000,0x00000000283f0000)]
  0x000000001e42e000 JavaThread "WorkerExecutor Queue Thread 2" [_thread_blocked, id=2808, stack(0x00000000281f0000,0x00000000282f0000)]
  0x000000001e423000 JavaThread "WorkerExecutor Queue" [_thread_blocked, id=14144, stack(0x00000000280f0000,0x00000000281f0000)]
  0x000000001e426800 JavaThread "Cache worker for execution history cache (D:\Documents\Bureau\BeNFit\.gradle\5.4.1\executionHistory)" [_thread_blocked, id=15284, stack(0x0000000027df0000,0x0000000027ef0000)]
  0x000000001e41f000 JavaThread "Execution worker for ':' Thread 7" [_thread_blocked, id=16036, stack(0x0000000027cf0000,0x0000000027df0000)]
  0x000000001e420800 JavaThread "Execution worker for ':' Thread 6" [_thread_blocked, id=9476, stack(0x0000000027bf0000,0x0000000027cf0000)]
  0x000000001e81b000 JavaThread "Execution worker for ':' Thread 5" [_thread_blocked, id=3164, stack(0x0000000027af0000,0x0000000027bf0000)]
  0x000000001e81a000 JavaThread "Execution worker for ':' Thread 4" [_thread_blocked, id=12236, stack(0x00000000276f0000,0x00000000277f0000)]
  0x000000001e816800 JavaThread "Execution worker for ':' Thread 3" [_thread_blocked, id=9256, stack(0x00000000275f0000,0x00000000276f0000)]
  0x000000001e819800 JavaThread "Execution worker for ':' Thread 2" [_thread_blocked, id=2904, stack(0x0000000027010000,0x0000000027110000)]
  0x000000001e815800 JavaThread "Execution worker for ':'" [_thread_blocked, id=15372, stack(0x0000000026f10000,0x0000000027010000)]
  0x000000001e80e000 JavaThread "Cache worker for file content cache (D:\Documents\Bureau\BeNFit\.gradle\5.4.1\fileContent)" [_thread_blocked, id=2988, stack(0x0000000026c10000,0x0000000026d10000)]
  0x000000001e812000 JavaThread "Cache worker for Build Output Cleanup Cache (D:\Documents\Bureau\BeNFit\.gradle\buildOutputCleanup)" [_thread_blocked, id=2784, stack(0x0000000026b10000,0x0000000026c10000)]
  0x000000001e80d800 JavaThread "Build operations Thread 8" [_thread_blocked, id=10656, stack(0x0000000026a10000,0x0000000026b10000)]
  0x000000001e80f800 JavaThread "Build operations Thread 7" [_thread_blocked, id=10984, stack(0x0000000026210000,0x0000000026310000)]
  0x000000001e80c800 JavaThread "Build operations Thread 6" [_thread_blocked, id=1508, stack(0x0000000026110000,0x0000000026210000)]
  0x000000001e813800 JavaThread "Build operations Thread 5" [_thread_blocked, id=9840, stack(0x0000000026010000,0x0000000026110000)]
  0x00000000205f8000 JavaThread "Build operations Thread 4" [_thread_blocked, id=10008, stack(0x0000000025f10000,0x0000000026010000)]
  0x00000000205f7000 JavaThread "Build operations Thread 3" [_thread_blocked, id=5080, stack(0x0000000023730000,0x0000000023830000)]
  0x00000000205f6800 JavaThread "Build operations Thread 2" [_thread_blocked, id=960, stack(0x0000000023630000,0x0000000023730000)]
  0x00000000205f5000 JavaThread "Build operations" [_thread_blocked, id=12040, stack(0x0000000023530000,0x0000000023630000)]
  0x00000000205ec800 JavaThread "Cache worker for cache directory md-rule (C:\Users\lucie.gaire\.gradle\caches\5.4.1\md-rule)" [_thread_blocked, id=368, stack(0x0000000023430000,0x0000000023530000)]
  0x00000000205f3800 JavaThread "Cache worker for cache directory md-supplier (C:\Users\lucie.gaire\.gradle\caches\5.4.1\md-supplier)" [_thread_blocked, id=10300, stack(0x0000000023130000,0x0000000023230000)]
  0x00000000205f2800 JavaThread "Cache worker for file hash cache (D:\Documents\Bureau\BeNFit\.gradle\5.4.1\fileHashes)" [_thread_blocked, id=9940, stack(0x0000000022840000,0x0000000022940000)]
  0x00000000205ed800 JavaThread "Thread-1865" [_thread_blocked, id=16064, stack(0x00000000214b0000,0x00000000215b0000)]
  0x00000000205eb000 JavaThread "Stdin handler" [_thread_blocked, id=2088, stack(0x000000001fbc0000,0x000000001fcc0000)]
  0x00000000205e9800 JavaThread "Asynchronous log dispatcher for DefaultDaemonConnection: socket connection from /127.0.0.1:49958 to /127.0.0.1:52825" [_thread_blocked, id=8892, stack(0x000000001d120000,0x000000001d220000)]
  0x00000000205f0800 JavaThread "Daemon worker Thread 28" [_thread_blocked, id=10028, stack(0x000000001d020000,0x000000001d120000)]
  0x00000000205ef800 JavaThread "Cancel handler" [_thread_blocked, id=6820, stack(0x000000001cf20000,0x000000001d020000)]
  0x00000000205ee000 JavaThread "Handler for socket connection from /127.0.0.1:49958 to /127.0.0.1:52825" [_thread_in_native, id=8476, stack(0x000000001cc20000,0x000000001cd20000)]
  0x00000000205ef000 JavaThread "Daemon Thread 28" [_thread_blocked, id=13376, stack(0x000000001cb20000,0x000000001cc20000)]
  0x000000001ab8a000 JavaThread "RMI TCP Connection(166)-127.0.0.1" daemon [_thread_in_native, id=15004, stack(0x000000002a300000,0x000000002a400000)]
  0x000000001ab80800 JavaThread "RMI Reaper" [_thread_blocked, id=11628, stack(0x00000000292f0000,0x00000000293f0000)]
  0x000000001ab82000 JavaThread "GC Daemon" daemon [_thread_blocked, id=276, stack(0x00000000291f0000,0x00000000292f0000)]
  0x000000001e426000 JavaThread "Cache worker for Java compile cache (C:\Users\lucie.gaire\.gradle\caches\5.4.1\javaCompile)" [_thread_blocked, id=2984, stack(0x0000000029700000,0x0000000029800000)]
  0x000000001e42a800 JavaThread "RMI TCP Accept-0" daemon [_thread_in_native, id=15556, stack(0x00000000279f0000,0x0000000027af0000)]
  0x000000001e429000 JavaThread "RMI Scheduler(0)" daemon [_thread_blocked, id=3988, stack(0x0000000027320000,0x0000000027420000)]
  0x000000001e424800 JavaThread "Cache worker for file content cache (C:\Users\lucie.gaire\.gradle\caches\5.4.1\fileContent)" [_thread_blocked, id=7692, stack(0x0000000026310000,0x0000000026410000)]
  0x000000001ab8f800 JavaThread "Memory manager" [_thread_blocked, id=16316, stack(0x0000000024030000,0x0000000024130000)]
  0x000000001ab84000 JavaThread "Cache worker for execution history cache (C:\Users\lucie.gaire\.gradle\caches\5.4.1\executionHistory)" [_thread_blocked, id=14368, stack(0x0000000022940000,0x0000000022a40000)]
  0x000000001b2b8000 JavaThread "Cache worker for journal cache (C:\Users\lucie.gaire\.gradle\caches\journal-1)" [_thread_blocked, id=2840, stack(0x000000001d720000,0x000000001d820000)]
  0x000000001b2b4000 JavaThread "File lock request listener" [_thread_in_native, id=10324, stack(0x000000001d620000,0x000000001d720000)]
  0x000000001b2c9800 JavaThread "Cache worker for file hash cache (C:\Users\lucie.gaire\.gradle\caches\5.4.1\fileHashes)" [_thread_blocked, id=16184, stack(0x000000001d520000,0x000000001d620000)]
  0x000000001b835000 JavaThread "Daemon periodic checks" [_thread_blocked, id=7924, stack(0x000000001ca20000,0x000000001cb20000)]
  0x000000001b4b7800 JavaThread "Incoming local TCP Connector on port 49958" [_thread_in_native, id=15572, stack(0x000000001c130000,0x000000001c230000)]
  0x000000001a919800 JavaThread "Daemon health stats" [_thread_blocked, id=15100, stack(0x000000001c270000,0x000000001c370000)]
  0x0000000018ae4800 JavaThread "Service Thread" daemon [_thread_blocked, id=12396, stack(0x0000000019790000,0x0000000019890000)]
  0x0000000018a9a800 JavaThread "C1 CompilerThread3" daemon [_thread_blocked, id=15088, stack(0x0000000019690000,0x0000000019790000)]
  0x0000000018a93800 JavaThread "C2 CompilerThread2" daemon [_thread_in_native, id=13712, stack(0x0000000019590000,0x0000000019690000)]
=>0x0000000018a8e800 JavaThread "C2 CompilerThread1" daemon [_thread_in_native, id=14444, stack(0x0000000019490000,0x0000000019590000)]
  0x0000000018a8c000 JavaThread "C2 CompilerThread0" daemon [_thread_in_native, id=16276, stack(0x0000000019390000,0x0000000019490000)]
  0x0000000018a88800 JavaThread "Attach Listener" daemon [_thread_blocked, id=15296, stack(0x0000000019290000,0x0000000019390000)]
  0x0000000016c8e800 JavaThread "Signal Dispatcher" daemon [_thread_blocked, id=14636, stack(0x0000000019190000,0x0000000019290000)]
  0x0000000018a80800 JavaThread "Finalizer" daemon [_thread_blocked, id=12448, stack(0x0000000018f60000,0x0000000019060000)]
  0x0000000002eb7000 JavaThread "Reference Handler" daemon [_thread_blocked, id=15976, stack(0x0000000018e60000,0x0000000018f60000)]
  0x0000000002dc2800 JavaThread "main" [_thread_blocked, id=2832, stack(0x0000000002cc0000,0x0000000002dc0000)]

Other Threads:
  0x0000000016c77800 VMThread [stack: 0x0000000018960000,0x0000000018a60000] [id=10296]
  0x0000000018ae5800 WatcherThread [stack: 0x0000000019890000,0x0000000019990000] [id=11828]

VM state:not at safepoint (normal execution)

VM Mutex/Monitor currently owned by a thread: None

heap address: 0x00000000a0000000, size: 1536 MB, Compressed Oops mode: 32-bit
Narrow klass base: 0x0000000000000000, Narrow klass shift: 3
Compressed class space size: 1073741824 Address: 0x0000000100000000

Heap:
 PSYoungGen      total 326656K, used 102087K [0x00000000e0000000, 0x00000000f6680000, 0x0000000100000000)
  eden space 296960K, 24% used [0x00000000e0000000,0x00000000e46b49d8,0x00000000f2200000)
  from space 29696K, 99% used [0x00000000f2200000,0x00000000f3efd568,0x00000000f3f00000)
  to   space 30720K, 0% used [0x00000000f3f00000,0x00000000f3f00000,0x00000000f5d00000)
 ParOldGen       total 353280K, used 242468K [0x00000000a0000000, 0x00000000b5900000, 0x00000000e0000000)
  object space 353280K, 68% used [0x00000000a0000000,0x00000000aecc9380,0x00000000b5900000)
 Metaspace       used 101683K, capacity 108711K, committed 108876K, reserved 1144832K
  class space    used 12766K, capacity 13882K, committed 13912K, reserved 1048576K

Card table byte_map: [0x0000000012280000,0x0000000012590000] byte_map_base: 0x0000000011d80000

Marking Bits: (ParMarkBitMap*) 0x0000000060bf9f30
 Begin Bits: [0x0000000012f90000, 0x0000000014790000)
 End Bits:   [0x0000000014790000, 0x0000000015f90000)

Polling page: 0x00000000012b0000

CodeCache: size=245760Kb used=88094Kb max_used=88286Kb free=157665Kb
 bounds [0x0000000002ec0000, 0x0000000008590000, 0x0000000011ec0000]
 total_blobs=24572 nmethods=23678 adapters=803
 compilation: enabled

Compilation events (10 events):
Event: 9648.284 Thread 0x0000000018a9a800 31329       3       java.util.HashMap::resize (359 bytes)
Event: 9648.285 Thread 0x0000000018a9a800 nmethod 31329 0x0000000008248e50 code [0x00000000082490a0, 0x000000000824a2c8]
Event: 9648.327 Thread 0x0000000018a8c000 nmethod 31279 0x0000000006e66090 code [0x0000000006e66440, 0x0000000006e69590]
Event: 9648.328 Thread 0x0000000018a8c000 31295   !   4       java.util.concurrent.ConcurrentHashMap::transfer (832 bytes)
Event: 9648.329 Thread 0x0000000018a9a800 31330       2       com.android.tools.r8.graph.DexClass::isLocalClass (29 bytes)
Event: 9648.330 Thread 0x0000000018a9a800 nmethod 31330 0x0000000007c46210 code [0x0000000007c46380, 0x0000000007c46548]
Event: 9648.343 Thread 0x0000000018a9a800 31333       2       com.android.tools.r8.graph.DexClass::isAnonymousClass (22 bytes)
Event: 9648.343 Thread 0x0000000018a9a800 nmethod 31333 0x0000000007c45d90 code [0x0000000007c45f00, 0x0000000007c460c8]
Event: 9648.439 Thread 0x0000000018a8c000 nmethod 31295 0x00000000081f89d0 code [0x00000000081f8c20, 0x00000000081fa838]
Event: 9648.441 Thread 0x0000000018a8c000 31332       4       com.android.tools.r8.graph.y::a (536 bytes)

GC Heap History (10 events):
Event: 9645.857 GC heap before
{Heap before GC invocations=82 (full 5):
 PSYoungGen      total 318464K, used 302946K [0x00000000e0000000, 0x00000000f5580000, 0x0000000100000000)
  eden space 291328K, 100% used [0x00000000e0000000,0x00000000f1c80000,0x00000000f1c80000)
  from space 27136K, 42% used [0x00000000f3b00000,0x00000000f4658830,0x00000000f5580000)
  to   space 29184K, 0% used [0x00000000f1c80000,0x00000000f1c80000,0x00000000f3900000)
 ParOldGen       total 353280K, used 53442K [0x00000000a0000000, 0x00000000b5900000, 0x00000000e0000000)
  object space 353280K, 15% used [0x00000000a0000000,0x00000000a3430a80,0x00000000b5900000)
 Metaspace       used 100646K, capacity 107597K, committed 107852K, reserved 1142784K
  class space    used 12656K, capacity 13781K, committed 13912K, reserved 1048576K
Event: 9645.877 GC heap after
Heap after GC invocations=82 (full 5):
 PSYoungGen      total 320512K, used 21026K [0x00000000e0000000, 0x00000000f5d00000, 0x0000000100000000)
  eden space 291328K, 0% used [0x00000000e0000000,0x00000000e0000000,0x00000000f1c80000)
  from space 29184K, 72% used [0x00000000f1c80000,0x00000000f3108b38,0x00000000f3900000)
  to   space 30720K, 0% used [0x00000000f3f00000,0x00000000f3f00000,0x00000000f5d00000)
 ParOldGen       total 353280K, used 53490K [0x00000000a0000000, 0x00000000b5900000, 0x00000000e0000000)
  object space 353280K, 15% used [0x00000000a0000000,0x00000000a343ca80,0x00000000b5900000)
 Metaspace       used 100646K, capacity 107597K, committed 107852K, reserved 1142784K
  class space    used 12656K, capacity 13781K, committed 13912K, reserved 1048576K
}
Event: 9646.446 GC heap before
{Heap before GC invocations=83 (full 5):
 PSYoungGen      total 320512K, used 312354K [0x00000000e0000000, 0x00000000f5d00000, 0x0000000100000000)
  eden space 291328K, 100% used [0x00000000e0000000,0x00000000f1c80000,0x00000000f1c80000)
  from space 29184K, 72% used [0x00000000f1c80000,0x00000000f3108b38,0x00000000f3900000)
  to   space 30720K, 0% used [0x00000000f3f00000,0x00000000f3f00000,0x00000000f5d00000)
 ParOldGen       total 353280K, used 53490K [0x00000000a0000000, 0x00000000b5900000, 0x00000000e0000000)
  object space 353280K, 15% used [0x00000000a0000000,0x00000000a343ca80,0x00000000b5900000)
 Metaspace       used 100957K, capacity 107891K, committed 108108K, reserved 1142784K
  class space    used 12664K, capacity 13788K, committed 13912K, reserved 1048576K
Event: 9646.461 GC heap after
Heap after GC invocations=83 (full 5):
 PSYoungGen      total 327680K, used 15106K [0x00000000e0000000, 0x00000000f6680000, 0x0000000100000000)
  eden space 296960K, 0% used [0x00000000e0000000,0x00000000e0000000,0x00000000f2200000)
  from space 30720K, 49% used [0x00000000f3f00000,0x00000000f4dc0a00,0x00000000f5d00000)
  to   space 29696K, 0% used [0x00000000f2200000,0x00000000f2200000,0x00000000f3f00000)
 ParOldGen       total 353280K, used 53514K [0x00000000a0000000, 0x00000000b5900000, 0x00000000e0000000)
  object space 353280K, 15% used [0x00000000a0000000,0x00000000a3442a80,0x00000000b5900000)
 Metaspace       used 100957K, capacity 107891K, committed 108108K, reserved 1142784K
  class space    used 12664K, capacity 13788K, committed 13912K, reserved 1048576K
}
Event: 9647.497 GC heap before
{Heap before GC invocations=84 (full 5):
 PSYoungGen      total 327680K, used 312066K [0x00000000e0000000, 0x00000000f6680000, 0x0000000100000000)
  eden space 296960K, 100% used [0x00000000e0000000,0x00000000f2200000,0x00000000f2200000)
  from space 30720K, 49% used [0x00000000f3f00000,0x00000000f4dc0a00,0x00000000f5d00000)
  to   space 29696K, 0% used [0x00000000f2200000,0x00000000f2200000,0x00000000f3f00000)
 ParOldGen       total 353280K, used 53514K [0x00000000a0000000, 0x00000000b5900000, 0x00000000e0000000)
  object space 353280K, 15% used [0x00000000a0000000,0x00000000a3442a80,0x00000000b5900000)
 Metaspace       used 101592K, capacity 108607K, committed 108876K, reserved 1144832K
  class space    used 12758K, capacity 13876K, committed 13912K, reserved 1048576K
Event: 9647.582 GC heap after
Heap after GC invocations=84 (full 5):
 PSYoungGen      total 326656K, used 29692K [0x00000000e0000000, 0x00000000f6680000, 0x0000000100000000)
  eden space 296960K, 0% used [0x00000000e0000000,0x00000000e0000000,0x00000000f2200000)
  from space 29696K, 99% used [0x00000000f2200000,0x00000000f3eff338,0x00000000f3f00000)
  to   space 30720K, 0% used [0x00000000f3f00000,0x00000000f3f00000,0x00000000f5d00000)
 ParOldGen       total 353280K, used 114770K [0x00000000a0000000, 0x00000000b5900000, 0x00000000e0000000)
  object space 353280K, 32% used [0x00000000a0000000,0x00000000a7014908,0x00000000b5900000)
 Metaspace       used 101592K, capacity 108607K, committed 108876K, reserved 1144832K
  class space    used 12758K, capacity 13876K, committed 13912K, reserved 1048576K
}
Event: 9647.879 GC heap before
{Heap before GC invocations=85 (full 5):
 PSYoungGen      total 326656K, used 326652K [0x00000000e0000000, 0x00000000f6680000, 0x0000000100000000)
  eden space 296960K, 100% used [0x00000000e0000000,0x00000000f2200000,0x00000000f2200000)
  from space 29696K, 99% used [0x00000000f2200000,0x00000000f3eff338,0x00000000f3f00000)
  to   space 30720K, 0% used [0x00000000f3f00000,0x00000000f3f00000,0x00000000f5d00000)
 ParOldGen       total 353280K, used 114770K [0x00000000a0000000, 0x00000000b5900000, 0x00000000e0000000)
  object space 353280K, 32% used [0x00000000a0000000,0x00000000a7014908,0x00000000b5900000)
 Metaspace       used 101629K, capacity 108619K, committed 108876K, reserved 1144832K
  class space    used 12760K, capacity 13878K, committed 13912K, reserved 1048576K
Event: 9647.945 GC heap after
Heap after GC invocations=85 (full 5):
 PSYoungGen      total 327680K, used 30695K [0x00000000e0000000, 0x00000000f6680000, 0x0000000100000000)
  eden space 296960K, 0% used [0x00000000e0000000,0x00000000e0000000,0x00000000f2200000)
  from space 30720K, 99% used [0x00000000f3f00000,0x00000000f5cf9fa8,0x00000000f5d00000)
  to   space 29696K, 0% used [0x00000000f2200000,0x00000000f2200000,0x00000000f3f00000)
 ParOldGen       total 353280K, used 184017K [0x00000000a0000000, 0x00000000b5900000, 0x00000000e0000000)
  object space 353280K, 52% used [0x00000000a0000000,0x00000000ab3b46f0,0x00000000b5900000)
 Metaspace       used 101629K, capacity 108619K, committed 108876K, reserved 1144832K
  class space    used 12760K, capacity 13878K, committed 13912K, reserved 1048576K
}
Event: 9648.349 GC heap before
{Heap before GC invocations=86 (full 5):
 PSYoungGen      total 327680K, used 327655K [0x00000000e0000000, 0x00000000f6680000, 0x0000000100000000)
  eden space 296960K, 100% used [0x00000000e0000000,0x00000000f2200000,0x00000000f2200000)
  from space 30720K, 99% used [0x00000000f3f00000,0x00000000f5cf9fa8,0x00000000f5d00000)
  to   space 29696K, 0% used [0x00000000f2200000,0x00000000f2200000,0x00000000f3f00000)
 ParOldGen       total 353280K, used 184017K [0x00000000a0000000, 0x00000000b5900000, 0x00000000e0000000)
  object space 353280K, 52% used [0x00000000a0000000,0x00000000ab3b46f0,0x00000000b5900000)
 Metaspace       used 101683K, capacity 108711K, committed 108876K, reserved 1144832K
  class space    used 12766K, capacity 13882K, committed 13912K, reserved 1048576K
Event: 9648.436 GC heap after
Heap after GC invocations=86 (full 5):
 PSYoungGen      total 326656K, used 29685K [0x00000000e0000000, 0x00000000f6680000, 0x0000000100000000)
  eden space 296960K, 0% used [0x00000000e0000000,0x00000000e0000000,0x00000000f2200000)
  from space 29696K, 99% used [0x00000000f2200000,0x00000000f3efd568,0x00000000f3f00000)
  to   space 30720K, 0% used [0x00000000f3f00000,0x00000000f3f00000,0x00000000f5d00000)
 ParOldGen       total 353280K, used 242468K [0x00000000a0000000, 0x00000000b5900000, 0x00000000e0000000)
  object space 353280K, 68% used [0x00000000a0000000,0x00000000aecc9380,0x00000000b5900000)
 Metaspace       used 101683K, capacity 108711K, committed 108876K, reserved 1144832K
  class space    used 12766K, capacity 13882K, committed 13912K, reserved 1048576K
}

Deoptimization events (10 events):
Event: 9647.804 Thread 0x000000001a440000 Uncommon trap: reason=unstable_if action=reinterpret pc=0x0000000006415b30 method=com.android.tools.r8.graph.z.a()V @ 228
Event: 9647.978 Thread 0x000000001a440000 Uncommon trap: reason=unstable_if action=reinterpret pc=0x00000000061d0a00 method=java.util.concurrent.ConcurrentHashMap.transfer([Ljava/util/concurrent/ConcurrentHashMap$Node;[Ljava/util/concurrent/ConcurrentHashMap$Node;)V @ 356
Event: 9648.002 Thread 0x000000001a440000 Uncommon trap: reason=unstable_if action=reinterpret pc=0x0000000007f2744c method=java.util.HashMap.putVal(ILjava/lang/Object;Ljava/lang/Object;ZZ)Ljava/lang/Object; @ 162
Event: 9648.002 Thread 0x000000001a440000 Uncommon trap: reason=unstable_if action=reinterpret pc=0x00000000034e4a10 method=java.util.HashMap.putVal(ILjava/lang/Object;Ljava/lang/Object;ZZ)Ljava/lang/Object; @ 162
Event: 9648.113 Thread 0x000000001a43e000 Uncommon trap: reason=unstable_if action=reinterpret pc=0x0000000008175c7c method=com.android.tools.r8.graph.y.a(ILjava/lang/String;Ljava/lang/String;Ljava/lang/String;Ljava/lang/Object;)Lcom/android/tools/r8/t/a/a/n; @ 7
Event: 9648.149 Thread 0x000000001a43e000 Uncommon trap: reason=unstable_if action=reinterpret pc=0x00000000031890f4 method=java.util.HashMap.resize()[Ljava/util/HashMap$Node; @ 206
Event: 9648.328 Thread 0x000000001a43e000 Uncommon trap: reason=class_check action=maybe_recompile pc=0x0000000006e68570 method=com.android.tools.r8.graph.h.a(Lcom/android/tools/r8/graph/DexType;Lcom/android/tools/r8/ProgramResource$Kind;Lcom/android/tools/r8/origin/Origin;Lcom/android/tools/r8/g
Event: 9648.328 Thread 0x000000001a43e000 Uncommon trap: reason=class_check action=maybe_recompile pc=0x0000000006e68570 method=com.android.tools.r8.graph.h.a(Lcom/android/tools/r8/graph/DexType;Lcom/android/tools/r8/ProgramResource$Kind;Lcom/android/tools/r8/origin/Origin;Lcom/android/tools/r8/g
Event: 9648.328 Thread 0x000000001a43e000 Uncommon trap: reason=class_check action=maybe_recompile pc=0x0000000006e68570 method=com.android.tools.r8.graph.h.a(Lcom/android/tools/r8/graph/DexType;Lcom/android/tools/r8/ProgramResource$Kind;Lcom/android/tools/r8/origin/Origin;Lcom/android/tools/r8/g
Event: 9648.328 Thread 0x000000001a43e000 Uncommon trap: reason=class_check action=maybe_recompile pc=0x0000000006e68570 method=com.android.tools.r8.graph.h.a(Lcom/android/tools/r8/graph/DexType;Lcom/android/tools/r8/ProgramResource$Kind;Lcom/android/tools/r8/origin/Origin;Lcom/android/tools/r8/g

Classes redefined (0 events):
No events

Internal exceptions (10 events):
Event: 9646.661 Thread 0x000000001ab8d000 Exception <a 'sun/nio/fs/WindowsException'> (0x00000000e36c01a0) thrown at [D:\src\AOSP-openjdk-cygwin\jdk8u\hotspot\src\share\vm\prims\jni.cpp, line 710]
Event: 9646.662 Thread 0x000000001ab8d000 Exception <a 'sun/nio/fs/WindowsException'> (0x00000000e3709630) thrown at [D:\src\AOSP-openjdk-cygwin\jdk8u\hotspot\src\share\vm\prims\jni.cpp, line 710]
Event: 9646.663 Thread 0x000000001ab8d000 Exception <a 'sun/nio/fs/WindowsException'> (0x00000000e3711340) thrown at [D:\src\AOSP-openjdk-cygwin\jdk8u\hotspot\src\share\vm\prims\jni.cpp, line 710]
Event: 9646.665 Thread 0x000000001ab8d000 Exception <a 'sun/nio/fs/WindowsException'> (0x00000000e37a2280) thrown at [D:\src\AOSP-openjdk-cygwin\jdk8u\hotspot\src\share\vm\prims\jni.cpp, line 710]
Event: 9646.843 Thread 0x000000001e81b000 Exception <a 'java/lang/NoSuchMethodError': <clinit>> (0x00000000e4969c70) thrown at [D:\src\AOSP-openjdk-cygwin\jdk8u\hotspot\src\share\vm\prims\jni.cpp, line 1614]
Event: 9647.650 Thread 0x000000001a43e800 Implicit null exception at 0x0000000007a6fcdd to 0x0000000007a714d1
Event: 9647.650 Thread 0x000000001a43e800 Implicit null exception at 0x0000000005942930 to 0x000000000594298b
Event: 9647.650 Thread 0x000000001a440000 Implicit null exception at 0x00000000079e6213 to 0x00000000079e62b5
Event: 9647.650 Thread 0x000000001a43e800 Implicit null exception at 0x00000000079e6213 to 0x00000000079e62b5
Event: 9647.650 Thread 0x000000001a43a000 Implicit null exception at 0x00000000079e6213 to 0x00000000079e62b5

Events (10 events):
Event: 9648.571 Thread 0x000000001a43e000 DEOPT PACKING pc=0x000000000606c53c sp=0x000000002a5fda70
Event: 9648.571 Thread 0x000000001a43e000 DEOPT UNPACKING pc=0x0000000002f075d0 sp=0x000000002a5fd828 mode 0
Event: 9648.582 Thread 0x000000001a43e000 DEOPT PACKING pc=0x0000000008575c9e sp=0x000000002a5fd210
Event: 9648.582 Thread 0x000000001a43e000 DEOPT UNPACKING pc=0x0000000002f075d0 sp=0x000000002a5fcff0 mode 0
Event: 9648.588 Thread 0x000000001a43e000 DEOPT PACKING pc=0x000000000606c53c sp=0x000000002a5fda70
Event: 9648.588 Thread 0x000000001a43e000 DEOPT UNPACKING pc=0x0000000002f075d0 sp=0x000000002a5fd828 mode 0
Event: 9648.604 Thread 0x000000001a43e000 DEOPT PACKING pc=0x0000000008575c9e sp=0x000000002a5fd390
Event: 9648.604 Thread 0x000000001a43e000 DEOPT UNPACKING pc=0x0000000002f075d0 sp=0x000000002a5fd170 mode 0
Event: 9648.611 Thread 0x000000001a43e000 DEOPT PACKING pc=0x000000000606c53c sp=0x000000002a5fda70
Event: 9648.611 Thread 0x000000001a43e000 DEOPT UNPACKING pc=0x0000000002f075d0 sp=0x000000002a5fd828 mode 0


Dynamic libraries:
0x00007ff7708d0000 - 0x00007ff770901000 	C:\Program Files\Android\Android Studio\jre\bin\java.exe
0x00007fff2ea80000 - 0x00007fff2ec70000 	C:\WINDOWS\SYSTEM32\ntdll.dll
0x00007ffedfa60000 - 0x00007ffedfa75000 	C:\Program Files\AVAST Software\Avast\aswhook.dll
0x00007fff2ded0000 - 0x00007fff2df82000 	C:\WINDOWS\System32\KERNEL32.DLL
0x00007fff2bf10000 - 0x00007fff2c1b3000 	C:\WINDOWS\System32\KERNELBASE.dll
0x00007fff2dcf0000 - 0x00007fff2dd93000 	C:\WINDOWS\System32\ADVAPI32.dll
0x00007fff2cc10000 - 0x00007fff2ccae000 	C:\WINDOWS\System32\msvcrt.dll
0x00007fff2e670000 - 0x00007fff2e707000 	C:\WINDOWS\System32\sechost.dll
0x00007fff2e710000 - 0x00007fff2e830000 	C:\WINDOWS\System32\RPCRT4.dll
0x00007fff2db50000 - 0x00007fff2dce4000 	C:\WINDOWS\System32\USER32.dll
0x00007fff2ba10000 - 0x00007fff2ba31000 	C:\WINDOWS\System32\win32u.dll
0x00007fff2da00000 - 0x00007fff2da26000 	C:\WINDOWS\System32\GDI32.dll
0x00007fff2bcf0000 - 0x00007fff2be84000 	C:\WINDOWS\System32\gdi32full.dll
0x00007fff2ca90000 - 0x00007fff2cb2e000 	C:\WINDOWS\System32\msvcp_win.dll
0x00007fff2bb90000 - 0x00007fff2bc8a000 	C:\WINDOWS\System32\ucrtbase.dll
0x00007fff17e20000 - 0x00007fff180a5000 	C:\WINDOWS\WinSxS\amd64_microsoft.windows.common-controls_6595b64144ccf1df_6.0.18362.657_none_e6c5b579130e3898\COMCTL32.dll
0x00007fff2dfc0000 - 0x00007fff2e2f6000 	C:\WINDOWS\System32\combase.dll
0x00007fff2c940000 - 0x00007fff2c9c0000 	C:\WINDOWS\System32\bcryptPrimitives.dll
0x00007fff2df90000 - 0x00007fff2dfbe000 	C:\WINDOWS\System32\IMM32.DLL
0x0000000060d40000 - 0x0000000060e12000 	C:\Program Files\Android\Android Studio\jre\jre\bin\msvcr100.dll
0x0000000060430000 - 0x0000000060c76000 	C:\Program Files\Android\Android Studio\jre\jre\bin\server\jvm.dll
0x00007fff2d2e0000 - 0x00007fff2d2e8000 	C:\WINDOWS\System32\PSAPI.DLL
0x00007fff17bc0000 - 0x00007fff17bc9000 	C:\WINDOWS\SYSTEM32\WSOCK32.dll
0x00007fff2e510000 - 0x00007fff2e57f000 	C:\WINDOWS\System32\WS2_32.dll
0x00007fff24590000 - 0x00007fff245b4000 	C:\WINDOWS\SYSTEM32\WINMM.dll
0x00007fff22700000 - 0x00007fff2270a000 	C:\WINDOWS\SYSTEM32\VERSION.dll
0x00007fff24540000 - 0x00007fff2456d000 	C:\WINDOWS\SYSTEM32\WINMMBASE.dll
0x00007fff2be90000 - 0x00007fff2beda000 	C:\WINDOWS\System32\cfgmgr32.dll
0x00007fff243e0000 - 0x00007fff243ef000 	C:\Program Files\Android\Android Studio\jre\jre\bin\verify.dll
0x00007fff22b50000 - 0x00007fff22b79000 	C:\Program Files\Android\Android Studio\jre\jre\bin\java.dll
0x00007fff23ca0000 - 0x00007fff23cb6000 	C:\Program Files\Android\Android Studio\jre\jre\bin\zip.dll
0x00007fff2d310000 - 0x00007fff2d9f5000 	C:\WINDOWS\System32\SHELL32.dll
0x00007fff2e300000 - 0x00007fff2e3a9000 	C:\WINDOWS\System32\shcore.dll
0x00007fff2c1c0000 - 0x00007fff2c93f000 	C:\WINDOWS\System32\windows.storage.dll
0x00007fff2b9f0000 - 0x00007fff2ba0f000 	C:\WINDOWS\System32\profapi.dll
0x00007fff2b960000 - 0x00007fff2b9aa000 	C:\WINDOWS\System32\powrprof.dll
0x00007fff2b950000 - 0x00007fff2b960000 	C:\WINDOWS\System32\UMPDC.dll
0x00007fff2cb30000 - 0x00007fff2cb82000 	C:\WINDOWS\System32\shlwapi.dll
0x00007fff2b9b0000 - 0x00007fff2b9c1000 	C:\WINDOWS\System32\kernel.appcore.dll
0x00007fff2ca70000 - 0x00007fff2ca87000 	C:\WINDOWS\System32\cryptsp.dll
0x00007fff15a40000 - 0x00007fff15a5a000 	C:\Program Files\Android\Android Studio\jre\jre\bin\net.dll
0x00007fff2b1c0000 - 0x00007fff2b227000 	C:\WINDOWS\system32\mswsock.dll
0x00007fff15a20000 - 0x00007fff15a31000 	C:\Program Files\Android\Android Studio\jre\jre\bin\nio.dll
0x00007fff15af0000 - 0x00007fff15b16000 	C:\Users\lucie.gaire\.gradle\native\29\windows-amd64\native-platform.dll
0x00007fff236a0000 - 0x00007fff236ad000 	C:\Program Files\Android\Android Studio\jre\jre\bin\management.dll
0x00007fff2ad30000 - 0x00007fff2ad63000 	C:\WINDOWS\system32\rsaenh.dll
0x00007fff2bee0000 - 0x00007fff2bf06000 	C:\WINDOWS\System32\bcrypt.dll
0x00007fff2b870000 - 0x00007fff2b895000 	C:\WINDOWS\SYSTEM32\USERENV.dll
0x00007fff2b390000 - 0x00007fff2b39c000 	C:\WINDOWS\SYSTEM32\CRYPTBASE.dll
0x00007fff2aed0000 - 0x00007fff2af0a000 	C:\WINDOWS\SYSTEM32\IPHLPAPI.DLL
0x00007fff2ccb0000 - 0x00007fff2ccb8000 	C:\WINDOWS\System32\NSI.dll
0x00007fff1df50000 - 0x00007fff1df66000 	C:\WINDOWS\SYSTEM32\dhcpcsvc6.DLL
0x00007fff1fcf0000 - 0x00007fff1fd0c000 	C:\WINDOWS\SYSTEM32\dhcpcsvc.DLL
0x00007fff2af10000 - 0x00007fff2afda000 	C:\WINDOWS\SYSTEM32\DNSAPI.dll
0x00007fff164e0000 - 0x00007fff164fe000 	C:\Users\lucie.gaire\AppData\Local\Temp\native-platform1280435461018223766dir\native-platform.dll

VM Arguments:
jvm_args: -Xmx1536m -Dfile.encoding=windows-1252 -Duser.country=FR -Duser.language=fr -Duser.variant 
java_command: org.gradle.launcher.daemon.bootstrap.GradleDaemon 5.4.1
java_class_path (initial): C:\Users\lucie.gaire\.gradle\wrapper\dists\gradle-5.4.1-all\3221gyojl5jsh0helicew7rwx\gradle-5.4.1\lib\gradle-launcher-5.4.1.jar
Launcher Type: SUN_STANDARD

Environment Variables:
JAVA_HOME=C:\Users\lucie.gaire\DevAPP\jdk8u242-b08
CLASSPATH=C:\Users\lucie.gaire\DevAPP\db-derby-10.14.2.0-bin\db-derby-10.14.2.0-bin\lib\derbyclient.jar;C:\Users\lucie.gaire\DevAPP\db-derby-10.14.2.0-bin\db-derby-10.14.2.0-bin\lib\derbytools.jar
PATH=C:\Users\lucie.gaire\DevAPP\jdk8u242-b08\bin;C:\Program Files (x86)\Common Files\Oracle\Java\javapath;C:\WINDOWS\system32;C:\WINDOWS;C:\WINDOWS\System32\Wbem;C:\WINDOWS\System32\WindowsPowerShell\v1.0\;C:\WINDOWS\System32\OpenSSH\;C:\Program Files (x86)\Microsoft SQL Server\110\Tools\Binn\;C:\Program Files\Microsoft SQL Server\110\Tools\Binn\;C:\Program Files\Microsoft SQL Server\110\DTS\Binn\;C:\Program Files (x86)\Microsoft SQL Server\110\Tools\Binn\ManagementStudio\;C:\Program Files (x86)\Microsoft SQL Server\110\DTS\Binn\;C:\Program Files\dotnet\;C:\Program Files\Microsoft SQL Server\130\Tools\Binn\;C:\Program Files\Microsoft SQL Server\Client SDK\ODBC\170\Tools\Binn\;C:\Program Files\Microsoft SQL Server\Client SDK\ODBC\130\Tools\Binn\;C:\Program Files (x86)\Microsoft SQL Server\140\Tools\Binn\;C:\Program Files\Microsoft SQL Server\140\Tools\Binn\;C:\Program Files\Microsoft SQL Server\140\DTS\Binn\;C:\Users\lucie.gaire\DevAPP\apache-maven-3.6.3\bin;C:\Users\lucie.gaire\AppData\Local\Microsoft\WindowsApps;C:\Users\lucie.gaire\AppData\Local\GitHubDesktop\bin
USERNAME=lucie.gaire
OS=Windows_NT
PROCESSOR_IDENTIFIER=Intel64 Family 6 Model 142 Stepping 10, GenuineIntel



---------------  S Y S T E M  ---------------

OS: Windows 10.0 , 64 bit Build 18362 (10.0.18362.329)

CPU:total 8 (initial active 8) (4 cores per cpu, 2 threads per core) family 6 model 142 stepping 10, cmov, cx8, fxsr, mmx, sse, sse2, sse3, ssse3, sse4.1, sse4.2, popcnt, avx, avx2, aes, clmul, erms, 3dnowpref, lzcnt, ht, tsc, tscinvbit, bmi1, bmi2, adx

Memory: 4k page, physical 16620748k(2117520k free), swap 35664244k(4172k free)

vm_info: OpenJDK 64-Bit Server VM (25.202-b03) for windows-amd64 JRE (1.8.0_202-release-1483-b03), built by "builder" with MS VC++ 10.0 (VS2010)

time: Thu Feb 27 18:00:06 2020
timezone: Europe de l’Ouest
elapsed time: 9648 seconds (0d 2h 40m 48s)

